Determining if the pthread_create exist failed with the following output:
Change Dir: /home/jethro/catkin_ws/build/libmavconn/CMakeFiles/CMakeTmp

Run Build Command:"/usr/bin/make" "cmTC_12f2e/fast"
/usr/bin/make -f CMakeFiles/cmTC_12f2e.dir/build.make CMakeFiles/cmTC_12f2e.dir/build
make[1]: Entering directory '/home/jethro/catkin_ws/build/libmavconn/CMakeFiles/CMakeTmp'
Building C object CMakeFiles/cmTC_12f2e.dir/CheckSymbolExists.c.o
/usr/bin/cc    -o CMakeFiles/cmTC_12f2e.dir/CheckSymbolExists.c.o   -c /home/jethro/catkin_ws/build/libmavconn/CMakeFiles/CMakeTmp/CheckSymbolExists.c
Linking C executable cmTC_12f2e
/usr/bin/cmake -E cmake_link_script CMakeFiles/cmTC_12f2e.dir/link.txt --verbose=1
/usr/bin/cc      -rdynamic CMakeFiles/cmTC_12f2e.dir/CheckSymbolExists.c.o  -o cmTC_12f2e 
CMakeFiles/cmTC_12f2e.dir/CheckSymbolExists.c.o: In function `main':
CheckSymbolExists.c:(.text+0x1b): undefined reference to `pthread_create'
collect2: error: ld returned 1 exit status
CMakeFiles/cmTC_12f2e.dir/build.make:97: recipe for target 'cmTC_12f2e' failed
make[1]: *** [cmTC_12f2e] Error 1
make[1]: Leaving directory '/home/jethro/catkin_ws/build/libmavconn/CMakeFiles/CMakeTmp'
Makefile:126: recipe for target 'cmTC_12f2e/fast' failed
make: *** [cmTC_12f2e/fast] Error 2

File /home/jethro/catkin_ws/build/libmavconn/CMakeFiles/CMakeTmp/CheckSymbolExists.c:
/* */
#include <pthread.h>

int main(int argc, char** argv)
{
  (void)argv;
#ifndef pthread_create
  return ((int*)(&pthread_create))[argc];
#else
  (void)argc;
  return 0;
#endif
}

Determining if the function pthread_create exists in the pthreads failed with the following output:
Change Dir: /home/jethro/catkin_ws/build/libmavconn/CMakeFiles/CMakeTmp

Run Build Command:"/usr/bin/make" "cmTC_a5cb0/fast"
/usr/bin/make -f CMakeFiles/cmTC_a5cb0.dir/build.make CMakeFiles/cmTC_a5cb0.dir/build
make[1]: Entering directory '/home/jethro/catkin_ws/build/libmavconn/CMakeFiles/CMakeTmp'
Building C object CMakeFiles/cmTC_a5cb0.dir/CheckFunctionExists.c.o
/usr/bin/cc   -DCHECK_FUNCTION_EXISTS=pthread_create   -o CMakeFiles/cmTC_a5cb0.dir/CheckFunctionExists.c.o   -c /usr/share/cmake-3.10/Modules/CheckFunctionExists.c
Linking C executable cmTC_a5cb0
/usr/bin/cmake -E cmake_link_script CMakeFiles/cmTC_a5cb0.dir/link.txt --verbose=1
/usr/bin/cc  -DCHECK_FUNCTION_EXISTS=pthread_create    -rdynamic CMakeFiles/cmTC_a5cb0.dir/CheckFunctionExists.c.o  -o cmTC_a5cb0 -lpthreads 
/usr/bin/ld: cannot find -lpthreads
collect2: error: ld returned 1 exit status
CMakeFiles/cmTC_a5cb0.dir/build.make:97: recipe for target 'cmTC_a5cb0' failed
make[1]: *** [cmTC_a5cb0] Error 1
make[1]: Leaving directory '/home/jethro/catkin_ws/build/libmavconn/CMakeFiles/CMakeTmp'
Makefile:126: recipe for target 'cmTC_a5cb0/fast' failed
make: *** [cmTC_a5cb0/fast] Error 2


