In file included from [01m[K/opt/ros/melodic/include/ros/ros.h:40:0[m[K,
                 from [01m[K/home/jethro/catkin_ws/src/continuous_yaw/src/continuous_yaw.cpp:7[m[K:
[01m[K/home/jethro/catkin_ws/src/continuous_yaw/src/continuous_yaw.cpp:[m[K In function ‘[01m[Kvoid get_model_order()[m[K’:
[01m[K/home/jethro/catkin_ws/src/continuous_yaw/src/continuous_yaw.cpp:28:44:[m[K [01;31m[Kerror: [m[K‘[01m[Kcurrent_pos[m[K’ was not declared in this scope
     ROS_INFO("Model order: (1) %s (2) %s", [01;31m[Kc[m[Kurrent_pos.name[1].c_str(), current_pos.name[2].c_str());
                                            [01;31m[K^[m[K
[01m[K/opt/ros/melodic/include/ros/console.h:348:165:[m[K [01;36m[Knote: [m[Kin definition of macro ‘[01m[KROSCONSOLE_PRINT_AT_LOCATION_WITH_FILTER[m[K’
     ::ros::console::print(filter, __rosconsole_define_location__loc.logger_, __rosconsole_define_location__loc.level_, __FILE__, __LINE__, __ROSCONSOLE_FUNCTION__, [01;36m[K__VA_ARGS__[m[K)
                                                                                                                                                                     [01;36m[K^~~~~~~~~~~[m[K
[01m[K/opt/ros/melodic/include/ros/console.h:387:7:[m[K [01;36m[Knote: [m[Kin expansion of macro ‘[01m[KROSCONSOLE_PRINT_AT_LOCATION[m[K’
       [01;36m[KROSCONSOLE_PRINT_AT_LOCATION[m[K(__VA_ARGS__); \
       [01;36m[K^~~~~~~~~~~~~~~~~~~~~~~~~~~~[m[K
[01m[K/opt/ros/melodic/include/ros/console.h:572:35:[m[K [01;36m[Knote: [m[Kin expansion of macro ‘[01m[KROS_LOG_COND[m[K’
 #define ROS_LOG(level, name, ...) [01;36m[KROS_LOG_COND[m[K(true, level, name, __VA_ARGS__)
                                   [01;36m[K^~~~~~~~~~~~[m[K
[01m[K/opt/ros/melodic/include/rosconsole/macros_generated.h:110:23:[m[K [01;36m[Knote: [m[Kin expansion of macro ‘[01m[KROS_LOG[m[K’
 #define ROS_INFO(...) [01;36m[KROS_LOG[m[K(::ros::console::levels::Info, ROSCONSOLE_DEFAULT_NAME, __VA_ARGS__)
                       [01;36m[K^~~~~~~[m[K
[01m[K/home/jethro/catkin_ws/src/continuous_yaw/src/continuous_yaw.cpp:28:5:[m[K [01;36m[Knote: [m[Kin expansion of macro ‘[01m[KROS_INFO[m[K’
     [01;36m[KR[m[KOS_INFO("Model order: (1) %s (2) %s", current_pos.name[1].c_str(), current_pos.name[2].c_str());
     [01;36m[K^[m[K
[01m[K/home/jethro/catkin_ws/src/continuous_yaw/src/continuous_yaw.cpp:28:44:[m[K [01;36m[Knote: [m[Ksuggested alternative: ‘[01m[Kcurrent_state[m[K’
     ROS_INFO("Model order: (1) %s (2) %s", [01;36m[Kc[m[Kurrent_pos.name[1].c_str(), current_pos.name[2].c_str());
                                            [01;36m[K^[m[K
[01m[K/opt/ros/melodic/include/ros/console.h:348:165:[m[K [01;36m[Knote: [m[Kin definition of macro ‘[01m[KROSCONSOLE_PRINT_AT_LOCATION_WITH_FILTER[m[K’
     ::ros::console::print(filter, __rosconsole_define_location__loc.logger_, __rosconsole_define_location__loc.level_, __FILE__, __LINE__, __ROSCONSOLE_FUNCTION__, [01;36m[K__VA_ARGS__[m[K)
                                                                                                                                                                     [01;36m[K^~~~~~~~~~~[m[K
[01m[K/opt/ros/melodic/include/ros/console.h:387:7:[m[K [01;36m[Knote: [m[Kin expansion of macro ‘[01m[KROSCONSOLE_PRINT_AT_LOCATION[m[K’
       [01;36m[KROSCONSOLE_PRINT_AT_LOCATION[m[K(__VA_ARGS__); \
       [01;36m[K^~~~~~~~~~~~~~~~~~~~~~~~~~~~[m[K
[01m[K/opt/ros/melodic/include/ros/console.h:572:35:[m[K [01;36m[Knote: [m[Kin expansion of macro ‘[01m[KROS_LOG_COND[m[K’
 #define ROS_LOG(level, name, ...) [01;36m[KROS_LOG_COND[m[K(true, level, name, __VA_ARGS__)
                                   [01;36m[K^~~~~~~~~~~~[m[K
[01m[K/opt/ros/melodic/include/rosconsole/macros_generated.h:110:23:[m[K [01;36m[Knote: [m[Kin expansion of macro ‘[01m[KROS_LOG[m[K’
 #define ROS_INFO(...) [01;36m[KROS_LOG[m[K(::ros::console::levels::Info, ROSCONSOLE_DEFAULT_NAME, __VA_ARGS__)
                       [01;36m[K^~~~~~~[m[K
[01m[K/home/jethro/catkin_ws/src/continuous_yaw/src/continuous_yaw.cpp:28:5:[m[K [01;36m[Knote: [m[Kin expansion of macro ‘[01m[KROS_INFO[m[K’
     [01;36m[KR[m[KOS_INFO("Model order: (1) %s (2) %s", current_pos.name[1].c_str(), current_pos.name[2].c_str());
     [01;36m[K^[m[K
[01m[K/home/jethro/catkin_ws/src/continuous_yaw/src/continuous_yaw.cpp:30:16:[m[K [01;31m[Kerror: [m[K‘[01m[Kcurrent_pos[m[K’ was not declared in this scope
     if (strcmp([01;31m[Kcurrent_pos[m[K.name[1].c_str(),"iris1") == 0){
                [01;31m[K^~~~~~~~~~~[m[K
[01m[K/home/jethro/catkin_ws/src/continuous_yaw/src/continuous_yaw.cpp:30:16:[m[K [01;36m[Knote: [m[Ksuggested alternative: ‘[01m[Kcurrent_state[m[K’
     if (strcmp([01;36m[Kcurrent_pos[m[K.name[1].c_str(),"iris1") == 0){
                [01;36m[K^~~~~~~~~~~[m[K
                [32m[Kcurrent_state[m[K
make[2]: *** [CMakeFiles/continuous_yaw.dir/src/continuous_yaw.cpp.o] Error 1
make[1]: *** [CMakeFiles/continuous_yaw.dir/all] Error 2
make: *** [all] Error 2
